<?xml version="1.0" encoding="UTF-8"?>
<!-- Generated by org.testng.reporters.JUnitReportReporter -->
<testsuite skipped="0" hostname="AKGUPTA2L2" name="Amazon.OrderingTest" tests="1" failures="0" timestamp="27 Jun 2019 13:58:03 GMT" time="13.286" errors="0">
  <testcase name="orderShoesTest" time="13.286" classname="Amazon.OrderingTest"/>
</testsuite> <!-- Amazon.OrderingTest -->
